<?xml version="1.0" encoding="UTF-8"?>
<!-- Generated by org.testng.reporters.JUnitReportReporter -->
<testsuite hostname="CPC-richa-NQX4R" failures="0" tests="1" name="com.seleniumstandalonegrid.GoogleTest" time="8.925" errors="0" timestamp="2024-08-07T18:25:24 IST" skipped="0">
  <testcase classname="com.seleniumstandalonegrid.GoogleTest" name="launchGoogle" time="8.925"/>
  <system-out/>
</testsuite> <!-- com.seleniumstandalonegrid.GoogleTest -->
