<?xml version="1.0" encoding="UTF-8"?>
<!-- Generated by org.testng.reporters.JUnitReportReporter -->
<testsuite hostname="CPC-richa-NQX4R" failures="0" tests="1" name="com.seleniumstandalonegrid.YahooTest" time="37.362" errors="0" timestamp="2024-08-07T18:25:24 IST" skipped="0">
  <testcase classname="com.seleniumstandalonegrid.YahooTest" name="launchYahoo" time="37.362"/>
  <system-out/>
</testsuite> <!-- com.seleniumstandalonegrid.YahooTest -->
